<?xml version="1.0" encoding="UTF-8"?>
<!-- Generated by org.testng.reporters.JUnitReportReporter -->
<testsuite hostname="NZTRLPT63" failures="0" tests="3" name="SNSSmokeGIT.SNSSmokeGITTests.AcceptancesTest" time="16.228" errors="0" timestamp="2023-03-13T13:38:03 NZDT" skipped="0">
  <testcase classname="SNSSmokeGIT.SNSSmokeGITTests.AcceptancesTest" name="AcceptanceFinalField" time="2.331"/>
  <system-out/>
  <testcase classname="SNSSmokeGIT.SNSSmokeGITTests.AcceptancesTest" name="AcceptanceCloseRace" time="3.157"/>
  <system-out/>
  <testcase classname="SNSSmokeGIT.SNSSmokeGITTests.AcceptancesTest" name="AcceptanceProcessing" time="10.740"/>
  <system-out/>
</testsuite> <!-- SNSSmokeGIT.SNSSmokeGITTests.AcceptancesTest -->
