<?xml version="1.0" encoding="UTF-8"?>
<!-- Generated by org.testng.reporters.JUnitReportReporter -->
<testsuite hostname="NZTRLPT63" failures="0" tests="3" name="SNSSmokeGIT.SNSSmokeGITTests.FindMeetingTest" time="7.013" errors="0" timestamp="2023-03-13T13:38:03 NZDT" skipped="0">
  <testcase classname="SNSSmokeGIT.SNSSmokeGITTests.FindMeetingTest" name="searchFindMeeting" time="0.591"/>
  <system-out/>
  <testcase classname="SNSSmokeGIT.SNSSmokeGITTests.FindMeetingTest" name="selcetMeeting" time="5.484"/>
  <system-out/>
  <testcase classname="SNSSmokeGIT.SNSSmokeGITTests.FindMeetingTest" name="navigatingToFindMeetingPage" time="0.938"/>
  <system-out/>
</testsuite> <!-- SNSSmokeGIT.SNSSmokeGITTests.FindMeetingTest -->
