<?xml version="1.0" encoding="UTF-8"?>
<!-- Generated by org.testng.reporters.JUnitReportReporter -->
<testsuite hostname="NZTRLPT63" failures="0" tests="3" name="SNSSmokeGIT.SNSSmokeGITTests.HandicappingTest" time="36.516" errors="0" timestamp="2023-03-13T13:38:03 NZDT" skipped="0">
  <testcase classname="SNSSmokeGIT.SNSSmokeGITTests.HandicappingTest" name="HandicapRace" time="29.974"/>
  <system-out/>
  <testcase classname="SNSSmokeGIT.SNSSmokeGITTests.HandicappingTest" name="ConfirmWeights" time="3.327"/>
  <system-out/>
  <testcase classname="SNSSmokeGIT.SNSSmokeGITTests.HandicappingTest" name="Assignhandicapping" time="3.215"/>
  <system-out/>
</testsuite> <!-- SNSSmokeGIT.SNSSmokeGITTests.HandicappingTest -->
