<?xml version="1.0" encoding="UTF-8"?>
<!-- Generated by org.testng.reporters.JUnitReportReporter -->
<testsuite hostname="NZTRLPT63" failures="0" tests="1" name="SNSSmokeGIT.SNSSmokeGITTests.TrainerIdentificationTest" time="10.304" errors="0" timestamp="2023-03-13T13:38:03 NZDT" skipped="0">
  <testcase classname="SNSSmokeGIT.SNSSmokeGITTests.TrainerIdentificationTest" name="AddingTrainersandMutlipleHorses" time="10.304"/>
  <system-out/>
</testsuite> <!-- SNSSmokeGIT.SNSSmokeGITTests.TrainerIdentificationTest -->
