<?xml version="1.0" encoding="UTF-8"?>
<!-- Generated by org.testng.reporters.JUnitReportReporter -->
<testsuite hostname="NZTRLPT63" failures="0" tests="4" name="SNSSmokeGIT.SNSSmokeGITTests.NominationsTest" time="12.136" errors="0" timestamp="2023-03-13T13:38:03 NZDT" skipped="0">
  <testcase classname="SNSSmokeGIT.SNSSmokeGITTests.NominationsTest" name="CloseRace" time="4.378"/>
  <system-out/>
  <testcase classname="SNSSmokeGIT.SNSSmokeGITTests.NominationsTest" name="EditMeetingDetailsPage" time="3.877"/>
  <system-out/>
  <testcase classname="SNSSmokeGIT.SNSSmokeGITTests.NominationsTest" name="RaceMeetingNominations" time="2.398"/>
  <system-out/>
  <testcase classname="SNSSmokeGIT.SNSSmokeGITTests.NominationsTest" name="ValidatingHorseslist" time="1.483"/>
  <system-out/>
</testsuite> <!-- SNSSmokeGIT.SNSSmokeGITTests.NominationsTest -->
