<?xml version="1.0" encoding="UTF-8"?>
<!-- Generated by org.testng.reporters.JUnitReportReporter -->
<testsuite hostname="NZTRLPT63" failures="0" tests="3" name="SNSSmokeGIT.SNSSmokeGITTests.CreateRaceMeetingTest" time="2.674" errors="0" timestamp="2023-03-13T13:38:03 NZDT" skipped="0">
  <testcase classname="SNSSmokeGIT.SNSSmokeGITTests.CreateRaceMeetingTest" name="navigatingToCreatMeetingPage" time="0.718"/>
  <system-out/>
  <testcase classname="SNSSmokeGIT.SNSSmokeGITTests.CreateRaceMeetingTest" name="createMeetingsPage" time="0.875"/>
  <system-out/>
  <testcase classname="SNSSmokeGIT.SNSSmokeGITTests.CreateRaceMeetingTest" name="saveMeetingPage" time="1.081"/>
  <system-out/>
</testsuite> <!-- SNSSmokeGIT.SNSSmokeGITTests.CreateRaceMeetingTest -->
